Determining if the pthread_create exist failed with the following output:
Change Dir: /curr/tianj/minimap2-ori/minimap2-mdbs/build/CMakeFiles/CMakeTmp

Run Build Command:/usr/bin/gmake "cmTryCompileExec2587111453/fast"
/usr/bin/gmake -f CMakeFiles/cmTryCompileExec2587111453.dir/build.make CMakeFiles/cmTryCompileExec2587111453.dir/build
gmake[1]: Entering directory `/curr/tianj/minimap2-ori/minimap2-mdbs/build/CMakeFiles/CMakeTmp'
/usr/bin/cmake -E cmake_progress_report /curr/tianj/minimap2-ori/minimap2-mdbs/build/CMakeFiles/CMakeTmp/CMakeFiles 1
Building C object CMakeFiles/cmTryCompileExec2587111453.dir/CheckSymbolExists.c.o
/usr/bin/gcc    -o CMakeFiles/cmTryCompileExec2587111453.dir/CheckSymbolExists.c.o   -c /curr/tianj/minimap2-ori/minimap2-mdbs/build/CMakeFiles/CMakeTmp/CheckSymbolExists.c
Linking C executable cmTryCompileExec2587111453
/usr/bin/cmake -E cmake_link_script CMakeFiles/cmTryCompileExec2587111453.dir/link.txt --verbose=1
/usr/bin/gcc       CMakeFiles/cmTryCompileExec2587111453.dir/CheckSymbolExists.c.o  -o cmTryCompileExec2587111453 -rdynamic 
CMakeFiles/cmTryCompileExec2587111453.dir/CheckSymbolExists.c.o: In function `main':
CheckSymbolExists.c:(.text+0x16): undefined reference to `pthread_create'
collect2: error: ld returned 1 exit status
gmake[1]: *** [cmTryCompileExec2587111453] Error 1
gmake[1]: Leaving directory `/curr/tianj/minimap2-ori/minimap2-mdbs/build/CMakeFiles/CMakeTmp'
gmake: *** [cmTryCompileExec2587111453/fast] Error 2

File /curr/tianj/minimap2-ori/minimap2-mdbs/build/CMakeFiles/CMakeTmp/CheckSymbolExists.c:
/* */
#include <pthread.h>

int main(int argc, char** argv)
{
  (void)argv;
#ifndef pthread_create
  return ((int*)(&pthread_create))[argc];
#else
  (void)argc;
  return 0;
#endif
}

Determining if the function pthread_create exists in the pthreads failed with the following output:
Change Dir: /curr/tianj/minimap2-ori/minimap2-mdbs/build/CMakeFiles/CMakeTmp

Run Build Command:/usr/bin/gmake "cmTryCompileExec2586811231/fast"
/usr/bin/gmake -f CMakeFiles/cmTryCompileExec2586811231.dir/build.make CMakeFiles/cmTryCompileExec2586811231.dir/build
gmake[1]: Entering directory `/curr/tianj/minimap2-ori/minimap2-mdbs/build/CMakeFiles/CMakeTmp'
/usr/bin/cmake -E cmake_progress_report /curr/tianj/minimap2-ori/minimap2-mdbs/build/CMakeFiles/CMakeTmp/CMakeFiles 1
Building C object CMakeFiles/cmTryCompileExec2586811231.dir/CheckFunctionExists.c.o
/usr/bin/gcc   -DCHECK_FUNCTION_EXISTS=pthread_create   -o CMakeFiles/cmTryCompileExec2586811231.dir/CheckFunctionExists.c.o   -c /usr/share/cmake/Modules/CheckFunctionExists.c
Linking C executable cmTryCompileExec2586811231
/usr/bin/cmake -E cmake_link_script CMakeFiles/cmTryCompileExec2586811231.dir/link.txt --verbose=1
/usr/bin/gcc   -DCHECK_FUNCTION_EXISTS=pthread_create    CMakeFiles/cmTryCompileExec2586811231.dir/CheckFunctionExists.c.o  -o cmTryCompileExec2586811231 -rdynamic -lpthreads 
/usr/bin/ld: cannot find -lpthreads
collect2: error: ld returned 1 exit status
gmake[1]: *** [cmTryCompileExec2586811231] Error 1
gmake[1]: Leaving directory `/curr/tianj/minimap2-ori/minimap2-mdbs/build/CMakeFiles/CMakeTmp'
gmake: *** [cmTryCompileExec2586811231/fast] Error 2


